

Microchip Technology PIC18 LITE Macro Assembler V1.41 build -162212810 
                                                                                               Fri May  5 21:22:20 2017

Microchip Technology Omniscient Code Generator v1.41 (Free mode) build 201701250102
     1                           	processor	18F4585
     2                           	fnconf	rparam,??,?,0
     3                           	opt	pw 120
     4                           	opt	lm
     5                           	psect	cinit,global,reloc=2,class=CODE,delta=1
     6                           	psect	cstackCOMRAM,global,class=COMRAM,space=1,delta=1,noexec
     7                           	psect	text0,global,reloc=2,class=CODE,delta=1
     8                           	psect	text1,global,reloc=2,class=CODE,delta=1
     9                           	psect	text2,global,reloc=2,class=CODE,delta=1
    10                           	psect	text3,global,reloc=2,class=CODE,delta=1
    11                           	psect	text4,global,reloc=2,class=CODE,delta=1
    12                           	psect	text5,global,reloc=2,class=CODE,delta=1
    13                           	psect	text6,global,reloc=2,class=CODE,delta=1
    14                           	psect	text7,global,reloc=2,class=CODE,delta=1
    15                           	psect	text8,global,reloc=2,class=CODE,delta=1
    16                           	psect	text9,global,reloc=2,class=CODE,delta=1
    17                           	psect	text10,global,reloc=2,class=CODE,delta=1
    18                           	psect	intsave_regs,global,class=BIGRAM,space=1,delta=1,noexec
    19                           	psect	rparam,global,class=COMRAM,space=1,delta=1,noexec
    20  0000                     
    21                           ; Version 1.41
    22                           ; Generated 25/01/2017 GMT
    23                           ; 
    24                           ; Copyright © 2017, Microchip Technology Inc. and its subsidiaries ("Microchip")
    25                           ; All rights reserved.
    26                           ; 
    27                           ; This software is developed by Microchip Technology Inc. and its subsidiaries ("Microch
      +                          ip").
    28                           ; 
    29                           ; Redistribution and use in source and binary forms, with or without modification, are
    30                           ; permitted provided that the following conditions are met:
    31                           ; 
    32                           ;     1. Redistributions of source code must retain the above copyright notice, this lis
      +                          t of
    33                           ;        conditions and the following disclaimer.
    34                           ; 
    35                           ;     2. Redistributions in binary form must reproduce the above copyright notice, this 
      +                          list
    36                           ;        of conditions and the following disclaimer in the documentation and/or other
    37                           ;        materials provided with the distribution.
    38                           ; 
    39                           ;     3. Microchip's name may not be used to endorse or promote products derived from th
      +                          is
    40                           ;        software without specific prior written permission.
    41                           ; 
    42                           ; THIS SOFTWARE IS PROVIDED BY MICROCHIP "AS IS" AND ANY EXPRESS OR IMPLIED WARRANTIES,
    43                           ; INCLUDING, BUT NOT LIMITED TO, THE IMPLIED WARRANTIES OF MERCHANTABILITY AND FITNESS F
      +                          OR
    44                           ; PURPOSE ARE DISCLAIMED.  IN NO EVENT SHALL MICROCHIP BE LIABLE FOR ANY DIRECT, INDIREC
      +                          T,
    45                           ; INCIDENTAL, SPECIAL, EXEMPLARY, OR CONSEQUENTIAL DAMAGES (INCLUDING BUT NOT LIMITED TO
    46                           ; PROCUREMENT OF SUBSTITUTE GOODS OR SERVICES; LOSS OF USE, DATA OR PROFITS; OR BUSINESS
    47                           ; INTERRUPTION) HOWSOEVER CAUSED AND ON ANY THEORY OF LIABILITY, WHETHER IN CONTRACT, ST
      +                          RICT
    48                           ; LIABILITY, OR TORT (INCLUDING NEGLIGENCE OR OTHERWISE) ARISING IN ANY WAY OUT OF THE U
      +                          SE OF
    49                           ; THIS SOFTWARE, EVEN IF ADVISED OF THE POSSIBILITY OF SUCH DAMAGE.
    50                           ; 
    51                           ; 
    52                           ; Code-generator required, PIC18F4585 Definitions
    53                           ; 
    54                           ; SFR Addresses
    55  0000                     _PORTCbits	set	3970
    56  0000                     _LATEbits	set	3981
    57  0000                     _LATCbits	set	3979
    58  0000                     _CCP1CON	set	4029
    59  0000                     _T2CON	set	4042
    60  0000                     _CCPR1L	set	4030
    61  0000                     _PR2	set	4043
    62  0000                     _PORTDbits	set	3971
    63  0000                     _PORTAbits	set	3968
    64  0000                     _TRISE	set	3990
    65  0000                     _TRISD	set	3989
    66  0000                     _TRISC	set	3988
    67  0000                     _TRISA	set	3986
    68  0000                     _LATE	set	3981
    69  0000                     _LATD	set	3980
    70  0000                     _LATC	set	3979
    71  0000                     _LATA	set	3977
    72  0000                     _PORTE	set	3972
    73  0000                     _PORTD	set	3971
    74  0000                     _PORTC	set	3970
    75  0000                     _PORTA	set	3968
    76  0000                     _ADCON1	set	4033
    77  0000                     _CVRCONbits	set	4021
    78  0000                     _CMCON	set	4020
    79  0000                     _OSCCON	set	4051
    80                           
    81                           ; #config settings
    82  0000                     
    83                           	psect	cinit
    84  00BDD2                     __pcinit:
    85                           	opt stack 0
    86  00BDD2                     start_initialization:
    87                           	opt stack 0
    88  00BDD2                     __initialization:
    89                           	opt stack 0
    90  00BDD2                     end_of_initialization:
    91                           	opt stack 0
    92  00BDD2                     __end_of__initialization:
    93                           	opt stack 0
    94  00BDD2  0100               	movlb	0
    95  00BDD4  EF49  F05F         	goto	_main	;jump to C main() function
    96                           
    97                           	psect	cstackCOMRAM
    98  000001                     __pcstackCOMRAM:
    99                           	opt stack 0
   100  000001                     ??_getKey:
   101  000001                     command_LCD@x:
   102                           	opt stack 0
   103  000001                     display_LCD@data:
   104                           	opt stack 0
   105                           
   106                           ; 1 bytes @ 0x0
   107  000001                     	ds	1
   108  000002                     ??_setup_LCD:
   109  000002                     obtainedKey@key_presionada:
   110                           	opt stack 0
   111                           
   112                           ; 1 bytes @ 0x1
   113  000002                     	ds	2
   114  000004                     main@i:
   115                           	opt stack 0
   116                           
   117                           ; 2 bytes @ 0x3
   118  000004                     	ds	2
   119  000006                     main@key:
   120                           	opt stack 0
   121                           
   122                           ; 1 bytes @ 0x5
   123  000006                     	ds	1
   124                           
   125 ;;
   126 ;;Main: autosize = 0, tempsize = 0, incstack = 0, save=0
   127 ;;
   128 ;; *************** function _main *****************
   129 ;; Defined at:
   130 ;;		line 30 in file "mainCode.c"
   131 ;; Parameters:    Size  Location     Type
   132 ;;		None
   133 ;; Auto vars:     Size  Location     Type
   134 ;;  i               2    3[COMRAM] unsigned int 
   135 ;;  key             1    5[COMRAM] unsigned char 
   136 ;; Return value:  Size  Location     Type
   137 ;;                  1    wreg      void 
   138 ;; Registers used:
   139 ;;		wreg, status,2, status,0, cstack
   140 ;; Tracked objects:
   141 ;;		On entry : 0/0
   142 ;;		On exit  : 0/0
   143 ;;		Unchanged: 0/0
   144 ;; Data sizes:     COMRAM   BANK0   BANK1   BANK2   BANK3   BANK4   BANK5   BANK6   BANK7   BANK8   BANK9  BANK10  BANK1
      +1  BANK12
   145 ;;      Params:         0       0       0       0       0       0       0       0       0       0       0       0       
      +0       0
   146 ;;      Locals:         3       0       0       0       0       0       0       0       0       0       0       0       
      +0       0
   147 ;;      Temps:          0       0       0       0       0       0       0       0       0       0       0       0       
      +0       0
   148 ;;      Totals:         3       0       0       0       0       0       0       0       0       0       0       0       
      +0       0
   149 ;;Total ram usage:        3 bytes
   150 ;; Hardware stack levels required when called:    2
   151 ;; This function calls:
   152 ;;		_close
   153 ;;		_command_LCD
   154 ;;		_display_LCD
   155 ;;		_obtainedKey
   156 ;;		_open
   157 ;;		_pwmInit
   158 ;;		_ready_LCD
   159 ;;		_setup_LCD
   160 ;; This function is called by:
   161 ;;		Startup code after reset
   162 ;; This function uses a non-reentrant model
   163 ;;
   164                           
   165                           	psect	text0
   166  00BE92                     __ptext0:
   167                           	opt stack 0
   168  00BE92                     _main:
   169                           	opt stack 29
   170                           
   171                           ;mainCode.c: 31: OSCCON = 0x70;
   172                           
   173                           ;incstack = 0
   174  00BE92  0E70               	movlw	112
   175  00BE94  6ED3               	movwf	4051,c	;volatile
   176                           
   177                           ;mainCode.c: 32: CMCON = 0xFF;
   178  00BE96  68B4               	setf	4020,c	;volatile
   179                           
   180                           ;mainCode.c: 33: CVRCONbits.CVREN = 0;
   181  00BE98  9EB5               	bcf	4021,7,c	;volatile
   182                           
   183                           ;mainCode.c: 34: ADCON1 = 0x0F;
   184  00BE9A  0E0F               	movlw	15
   185  00BE9C  6EC1               	movwf	4033,c	;volatile
   186                           
   187                           ;mainCode.c: 37: unsigned char key;
   188                           ;mainCode.c: 38: PORTA = 0x00;
   189  00BE9E  0E00               	movlw	0
   190  00BEA0  6E80               	movwf	3968,c	;volatile
   191                           
   192                           ;mainCode.c: 39: PORTC = 0x00;
   193  00BEA2  0E00               	movlw	0
   194  00BEA4  6E82               	movwf	3970,c	;volatile
   195                           
   196                           ;mainCode.c: 40: PORTD = 0x00;
   197  00BEA6  0E00               	movlw	0
   198  00BEA8  6E83               	movwf	3971,c	;volatile
   199                           
   200                           ;mainCode.c: 41: PORTE = 0x00;
   201  00BEAA  0E00               	movlw	0
   202  00BEAC  6E84               	movwf	3972,c	;volatile
   203                           
   204                           ;mainCode.c: 42: LATA = 0x00;
   205  00BEAE  0E00               	movlw	0
   206  00BEB0  6E89               	movwf	3977,c	;volatile
   207                           
   208                           ;mainCode.c: 43: LATC = 0x00;
   209  00BEB2  0E00               	movlw	0
   210  00BEB4  6E8B               	movwf	3979,c	;volatile
   211                           
   212                           ;mainCode.c: 44: LATD = 0x00;
   213  00BEB6  0E00               	movlw	0
   214  00BEB8  6E8C               	movwf	3980,c	;volatile
   215                           
   216                           ;mainCode.c: 45: LATE = 0x00;
   217  00BEBA  0E00               	movlw	0
   218  00BEBC  6E8D               	movwf	3981,c	;volatile
   219                           
   220                           ;mainCode.c: 46: TRISA = 0x00;
   221  00BEBE  0E00               	movlw	0
   222  00BEC0  6E92               	movwf	3986,c	;volatile
   223                           
   224                           ;mainCode.c: 47: TRISC = 0xF0;
   225  00BEC2  0EF0               	movlw	240
   226  00BEC4  6E94               	movwf	3988,c	;volatile
   227                           
   228                           ;mainCode.c: 48: TRISD = 0x00;
   229  00BEC6  0E00               	movlw	0
   230  00BEC8  6E95               	movwf	3989,c	;volatile
   231                           
   232                           ;mainCode.c: 49: TRISE = 0x00;
   233  00BECA  0E00               	movlw	0
   234  00BECC  6E96               	movwf	3990,c	;volatile
   235                           
   236                           ;mainCode.c: 51: setup_LCD();
   237  00BECE  EC24  F05F         	call	_setup_LCD	;wreg free
   238                           
   239                           ;mainCode.c: 52: pwmInit();
   240  00BED2  EC01  F05F         	call	_pwmInit	;wreg free
   241  00BED6                     l51:
   242                           
   243                           ;mainCode.c: 56: for(unsigned int i = 0; i<17; i++){
   244  00BED6  0E00               	movlw	0
   245  00BED8  6E05               	movwf	main@i+1,c
   246  00BEDA  0E00               	movlw	0
   247  00BEDC  6E04               	movwf	main@i,c
   248  00BEDE                     l912:
   249  00BEDE  5005               	movf	main@i+1,w,c
   250  00BEE0  E119               	bnz	l930
   251  00BEE2  0E11               	movlw	17
   252  00BEE4  5C04               	subwf	main@i,w,c
   253  00BEE6  B0D8               	btfsc	status,0,c
   254  00BEE8  D015               	goto	l930
   255                           
   256                           ;mainCode.c: 57: key = obtainedKey();
   257  00BEEA  EC14  F05F         	call	_obtainedKey	;wreg free
   258  00BEEE  6E06               	movwf	main@key,c
   259                           
   260                           ;mainCode.c: 58: if(key == 'A'){
   261  00BEF0  0E41               	movlw	65
   262  00BEF2  1806               	xorwf	main@key,w,c
   263  00BEF4  B4D8               	btfsc	status,2,c
   264                           
   265                           ;mainCode.c: 59: open();
   266  00BEF6  ECE6  F05E         	call	_open	;wreg free
   267                           
   268                           ;mainCode.c: 60: }
   269                           ;mainCode.c: 61: if(key == 'B'){
   270  00BEFA  0E42               	movlw	66
   271  00BEFC  1806               	xorwf	main@key,w,c
   272  00BEFE  B4D8               	btfsc	status,2,c
   273                           
   274                           ;mainCode.c: 62: close();
   275  00BF00  ECE3  F05E         	call	_close	;wreg free
   276                           
   277                           ;mainCode.c: 63: }
   278                           ;mainCode.c: 66: display_LCD(key);
   279  00BF04  5006               	movf	main@key,w,c
   280  00BF06  ECF1  F05E         	call	_display_LCD
   281                           
   282                           ;mainCode.c: 67: ready_LCD();
   283  00BF0A  EC0A  F05F         	call	_ready_LCD	;wreg free
   284  00BF0E  4A04               	infsnz	main@i,f,c
   285  00BF10  2A05               	incf	main@i+1,f,c
   286  00BF12  D7E5               	goto	l912
   287  00BF14                     l930:
   288                           
   289                           ;mainCode.c: 68: }
   290                           ;mainCode.c: 69: command_LCD(0x01);
   291  00BF14  0E01               	movlw	1
   292  00BF16  ECF9  F05E         	call	_command_LCD
   293  00BF1A  D7DD               	goto	l51
   294  00BF1C                     __end_of_main:
   295                           	opt stack 0
   296                           status	equ	0xFD8
   297                           
   298 ;; *************** function _setup_LCD *****************
   299 ;; Defined at:
   300 ;;		line 28 in file "lcdCon.c"
   301 ;; Parameters:    Size  Location     Type
   302 ;;		None
   303 ;; Auto vars:     Size  Location     Type
   304 ;;		None
   305 ;; Return value:  Size  Location     Type
   306 ;;                  1    wreg      void 
   307 ;; Registers used:
   308 ;;		wreg, status,2, cstack
   309 ;; Tracked objects:
   310 ;;		On entry : 0/0
   311 ;;		On exit  : 0/0
   312 ;;		Unchanged: 0/0
   313 ;; Data sizes:     COMRAM   BANK0   BANK1   BANK2   BANK3   BANK4   BANK5   BANK6   BANK7   BANK8   BANK9  BANK10  BANK1
      +1  BANK12
   314 ;;      Params:         0       0       0       0       0       0       0       0       0       0       0       0       
      +0       0
   315 ;;      Locals:         0       0       0       0       0       0       0       0       0       0       0       0       
      +0       0
   316 ;;      Temps:          2       0       0       0       0       0       0       0       0       0       0       0       
      +0       0
   317 ;;      Totals:         2       0       0       0       0       0       0       0       0       0       0       0       
      +0       0
   318 ;;Total ram usage:        2 bytes
   319 ;; Hardware stack levels used:    1
   320 ;; Hardware stack levels required when called:    1
   321 ;; This function calls:
   322 ;;		_command_LCD
   323 ;;		_ready_LCD
   324 ;; This function is called by:
   325 ;;		_main
   326 ;; This function uses a non-reentrant model
   327 ;;
   328                           
   329                           	psect	text1
   330  00BE48                     __ptext1:
   331                           	opt stack 0
   332  00BE48                     _setup_LCD:
   333                           	opt stack 29
   334                           
   335                           ;lcdCon.c: 29: PORTAbits.RA3 = 0;
   336                           
   337                           ;incstack = 0
   338  00BE48  9680               	bcf	3968,3,c	;volatile
   339                           
   340                           ;lcdCon.c: 30: _delay((unsigned long)((250)*(8000000/4000.0)));
   341  00BE4A  0E03               	movlw	3
   342  00BE4C  6E03               	movwf	(??_setup_LCD+1)& (0+255),c
   343  00BE4E  0E8A               	movlw	138
   344  00BE50  6E02               	movwf	??_setup_LCD& (0+255),c
   345  00BE52  0E56               	movlw	86
   346  00BE54                     u257:
   347  00BE54  2EE8               	decfsz	wreg,f,c
   348  00BE56  D7FE               	bra	u257
   349  00BE58  2E02               	decfsz	??_setup_LCD& (0+255),f,c
   350  00BE5A  D7FC               	bra	u257
   351  00BE5C  2E03               	decfsz	(??_setup_LCD+1)& (0+255),f,c
   352  00BE5E  D7FA               	bra	u257
   353                           
   354                           ;lcdCon.c: 31: command_LCD(0x38);
   355  00BE60  0E38               	movlw	56
   356  00BE62  ECF9  F05E         	call	_command_LCD
   357                           
   358                           ;lcdCon.c: 32: _delay((unsigned long)((250)*(8000000/4000.0)));
   359  00BE66  0E03               	movlw	3
   360  00BE68  6E03               	movwf	(??_setup_LCD+1)& (0+255),c
   361  00BE6A  0E8A               	movlw	138
   362  00BE6C  6E02               	movwf	??_setup_LCD& (0+255),c
   363  00BE6E  0E56               	movlw	86
   364  00BE70                     u267:
   365  00BE70  2EE8               	decfsz	wreg,f,c
   366  00BE72  D7FE               	bra	u267
   367  00BE74  2E02               	decfsz	??_setup_LCD& (0+255),f,c
   368  00BE76  D7FC               	bra	u267
   369  00BE78  2E03               	decfsz	(??_setup_LCD+1)& (0+255),f,c
   370  00BE7A  D7FA               	bra	u267
   371                           
   372                           ;lcdCon.c: 33: command_LCD(0x0F);
   373  00BE7C  0E0F               	movlw	15
   374  00BE7E  ECF9  F05E         	call	_command_LCD
   375                           
   376                           ;lcdCon.c: 34: ready_LCD();
   377  00BE82  EC0A  F05F         	call	_ready_LCD	;wreg free
   378                           
   379                           ;lcdCon.c: 35: command_LCD(0x01);
   380  00BE86  0E01               	movlw	1
   381  00BE88  ECF9  F05E         	call	_command_LCD
   382                           
   383                           ;lcdCon.c: 36: ready_LCD();
   384  00BE8C  EC0A  F05F         	call	_ready_LCD	;wreg free
   385  00BE90  0012               	return		;funcret
   386  00BE92                     __end_of_setup_LCD:
   387                           	opt stack 0
   388                           wreg	equ	0xFE8
   389                           status	equ	0xFD8
   390                           
   391 ;; *************** function _ready_LCD *****************
   392 ;; Defined at:
   393 ;;		line 48 in file "lcdCon.c"
   394 ;; Parameters:    Size  Location     Type
   395 ;;		None
   396 ;; Auto vars:     Size  Location     Type
   397 ;;		None
   398 ;; Return value:  Size  Location     Type
   399 ;;                  1    wreg      void 
   400 ;; Registers used:
   401 ;;		wreg, status,2
   402 ;; Tracked objects:
   403 ;;		On entry : 0/0
   404 ;;		On exit  : 0/0
   405 ;;		Unchanged: 0/0
   406 ;; Data sizes:     COMRAM   BANK0   BANK1   BANK2   BANK3   BANK4   BANK5   BANK6   BANK7   BANK8   BANK9  BANK10  BANK1
      +1  BANK12
   407 ;;      Params:         0       0       0       0       0       0       0       0       0       0       0       0       
      +0       0
   408 ;;      Locals:         0       0       0       0       0       0       0       0       0       0       0       0       
      +0       0
   409 ;;      Temps:          0       0       0       0       0       0       0       0       0       0       0       0       
      +0       0
   410 ;;      Totals:         0       0       0       0       0       0       0       0       0       0       0       0       
      +0       0
   411 ;;Total ram usage:        0 bytes
   412 ;; Hardware stack levels used:    1
   413 ;; This function calls:
   414 ;;		Nothing
   415 ;; This function is called by:
   416 ;;		_main
   417 ;;		_setup_LCD
   418 ;; This function uses a non-reentrant model
   419 ;;
   420                           
   421                           	psect	text2
   422  00BE14                     __ptext2:
   423                           	opt stack 0
   424  00BE14                     _ready_LCD:
   425                           	opt stack 29
   426                           
   427                           ;lcdCon.c: 49: TRISD = 0xFF;
   428                           
   429                           ;incstack = 0
   430  00BE14  6895               	setf	3989,c	;volatile
   431                           
   432                           ;lcdCon.c: 50: PORTAbits.RA1 = 0;
   433  00BE16  9280               	bcf	3968,1,c	;volatile
   434                           
   435                           ;lcdCon.c: 51: PORTAbits.RA2 = 1;
   436  00BE18  8480               	bsf	3968,2,c	;volatile
   437  00BE1A                     l81:
   438                           
   439                           ;lcdCon.c: 53: PORTAbits.RA3 = 1;
   440  00BE1A  8680               	bsf	3968,3,c	;volatile
   441                           
   442                           ;lcdCon.c: 54: _delay((unsigned long)((.00045)*(8000000/4000.0)));
   443                           ;lcdCon.c: 55: PORTAbits.RA3 = 0;
   444  00BE1C  9680               	bcf	3968,3,c	;volatile
   445                           
   446                           ;lcdCon.c: 56: }while(PORTDbits.RD7 == 1);
   447  00BE1E  BE83               	btfsc	3971,7,c	;volatile
   448  00BE20  D7FC               	goto	l81
   449                           
   450                           ;lcdCon.c: 57: TRISD = 0x00;
   451  00BE22  0E00               	movlw	0
   452  00BE24  6E95               	movwf	3989,c	;volatile
   453  00BE26  0012               	return		;funcret
   454  00BE28                     __end_of_ready_LCD:
   455                           	opt stack 0
   456                           wreg	equ	0xFE8
   457                           status	equ	0xFD8
   458                           
   459 ;; *************** function _command_LCD *****************
   460 ;; Defined at:
   461 ;;		line 39 in file "lcdCon.c"
   462 ;; Parameters:    Size  Location     Type
   463 ;;  x               1    wreg     unsigned char 
   464 ;; Auto vars:     Size  Location     Type
   465 ;;  x               1    0[COMRAM] unsigned char 
   466 ;; Return value:  Size  Location     Type
   467 ;;                  1    wreg      void 
   468 ;; Registers used:
   469 ;;		wreg
   470 ;; Tracked objects:
   471 ;;		On entry : 0/0
   472 ;;		On exit  : 0/0
   473 ;;		Unchanged: 0/0
   474 ;; Data sizes:     COMRAM   BANK0   BANK1   BANK2   BANK3   BANK4   BANK5   BANK6   BANK7   BANK8   BANK9  BANK10  BANK1
      +1  BANK12
   475 ;;      Params:         0       0       0       0       0       0       0       0       0       0       0       0       
      +0       0
   476 ;;      Locals:         1       0       0       0       0       0       0       0       0       0       0       0       
      +0       0
   477 ;;      Temps:          0       0       0       0       0       0       0       0       0       0       0       0       
      +0       0
   478 ;;      Totals:         1       0       0       0       0       0       0       0       0       0       0       0       
      +0       0
   479 ;;Total ram usage:        1 bytes
   480 ;; Hardware stack levels used:    1
   481 ;; This function calls:
   482 ;;		Nothing
   483 ;; This function is called by:
   484 ;;		_main
   485 ;;		_setup_LCD
   486 ;;		_second_line
   487 ;; This function uses a non-reentrant model
   488 ;;
   489                           
   490                           	psect	text3
   491  00BDF2                     __ptext3:
   492                           	opt stack 0
   493  00BDF2                     _command_LCD:
   494                           	opt stack 29
   495                           
   496                           ;incstack = 0
   497                           ;command_LCD@x stored from wreg
   498  00BDF2  6E01               	movwf	command_LCD@x,c
   499                           
   500                           ;lcdCon.c: 40: PORTD = x;
   501  00BDF4  C001  FF83         	movff	command_LCD@x,3971	;volatile
   502                           
   503                           ;lcdCon.c: 41: PORTAbits.RA1 = 0;
   504  00BDF8  9280               	bcf	3968,1,c	;volatile
   505                           
   506                           ;lcdCon.c: 42: PORTAbits.RA2 = 0;
   507  00BDFA  9480               	bcf	3968,2,c	;volatile
   508                           
   509                           ;lcdCon.c: 43: PORTAbits.RA3 = 1;
   510  00BDFC  8680               	bsf	3968,3,c	;volatile
   511                           
   512                           ;lcdCon.c: 45: PORTAbits.RA3 = 0;
   513                           
   514                           ;lcdCon.c: 44: _delay((unsigned long)((.00045)*(8000000/4000.0)));
   515  00BDFE  9680               	bcf	3968,3,c	;volatile
   516  00BE00  0012               	return		;funcret
   517  00BE02                     __end_of_command_LCD:
   518                           	opt stack 0
   519                           wreg	equ	0xFE8
   520                           status	equ	0xFD8
   521                           
   522 ;; *************** function _pwmInit *****************
   523 ;; Defined at:
   524 ;;		line 12 in file "status.c"
   525 ;; Parameters:    Size  Location     Type
   526 ;;		None
   527 ;; Auto vars:     Size  Location     Type
   528 ;;		None
   529 ;; Return value:  Size  Location     Type
   530 ;;                  1    wreg      void 
   531 ;; Registers used:
   532 ;;		wreg, status,2
   533 ;; Tracked objects:
   534 ;;		On entry : 0/0
   535 ;;		On exit  : 0/0
   536 ;;		Unchanged: 0/0
   537 ;; Data sizes:     COMRAM   BANK0   BANK1   BANK2   BANK3   BANK4   BANK5   BANK6   BANK7   BANK8   BANK9  BANK10  BANK1
      +1  BANK12
   538 ;;      Params:         0       0       0       0       0       0       0       0       0       0       0       0       
      +0       0
   539 ;;      Locals:         0       0       0       0       0       0       0       0       0       0       0       0       
      +0       0
   540 ;;      Temps:          0       0       0       0       0       0       0       0       0       0       0       0       
      +0       0
   541 ;;      Totals:         0       0       0       0       0       0       0       0       0       0       0       0       
      +0       0
   542 ;;Total ram usage:        0 bytes
   543 ;; Hardware stack levels used:    1
   544 ;; This function calls:
   545 ;;		Nothing
   546 ;; This function is called by:
   547 ;;		_main
   548 ;; This function uses a non-reentrant model
   549 ;;
   550                           
   551                           	psect	text4
   552  00BE02                     __ptext4:
   553                           	opt stack 0
   554  00BE02                     _pwmInit:
   555                           	opt stack 30
   556                           
   557                           ;status.c: 16: PR2 = 0x9B;
   558                           
   559                           ;incstack = 0
   560  00BE02  0E9B               	movlw	155
   561  00BE04  6ECB               	movwf	4043,c	;volatile
   562                           
   563                           ;status.c: 17: CCPR1L = 0x2F;
   564  00BE06  0E2F               	movlw	47
   565  00BE08  6EBE               	movwf	4030,c	;volatile
   566                           
   567                           ;status.c: 18: T2CON = 0x07;
   568  00BE0A  0E07               	movlw	7
   569  00BE0C  6ECA               	movwf	4042,c	;volatile
   570                           
   571                           ;status.c: 19: CCP1CON = 0x3C;
   572  00BE0E  0E3C               	movlw	60
   573  00BE10  6EBD               	movwf	4029,c	;volatile
   574  00BE12  0012               	return		;funcret
   575  00BE14                     __end_of_pwmInit:
   576                           	opt stack 0
   577                           wreg	equ	0xFE8
   578                           status	equ	0xFD8
   579                           
   580 ;; *************** function _open *****************
   581 ;; Defined at:
   582 ;;		line 22 in file "status.c"
   583 ;; Parameters:    Size  Location     Type
   584 ;;		None
   585 ;; Auto vars:     Size  Location     Type
   586 ;;		None
   587 ;; Return value:  Size  Location     Type
   588 ;;                  1    wreg      void 
   589 ;; Registers used:
   590 ;;		wreg, status,2
   591 ;; Tracked objects:
   592 ;;		On entry : 0/0
   593 ;;		On exit  : 0/0
   594 ;;		Unchanged: 0/0
   595 ;; Data sizes:     COMRAM   BANK0   BANK1   BANK2   BANK3   BANK4   BANK5   BANK6   BANK7   BANK8   BANK9  BANK10  BANK1
      +1  BANK12
   596 ;;      Params:         0       0       0       0       0       0       0       0       0       0       0       0       
      +0       0
   597 ;;      Locals:         0       0       0       0       0       0       0       0       0       0       0       0       
      +0       0
   598 ;;      Temps:          0       0       0       0       0       0       0       0       0       0       0       0       
      +0       0
   599 ;;      Totals:         0       0       0       0       0       0       0       0       0       0       0       0       
      +0       0
   600 ;;Total ram usage:        0 bytes
   601 ;; Hardware stack levels used:    1
   602 ;; This function calls:
   603 ;;		Nothing
   604 ;; This function is called by:
   605 ;;		_main
   606 ;; This function uses a non-reentrant model
   607 ;;
   608                           
   609                           	psect	text5
   610  00BDCC                     __ptext5:
   611                           	opt stack 0
   612  00BDCC                     _open:
   613                           	opt stack 30
   614                           
   615                           ;status.c: 23: CCPR1L = 0x5F;
   616                           
   617                           ;incstack = 0
   618  00BDCC  0E5F               	movlw	95
   619  00BDCE  6EBE               	movwf	4030,c	;volatile
   620  00BDD0  0012               	return		;funcret
   621  00BDD2                     __end_of_open:
   622                           	opt stack 0
   623                           wreg	equ	0xFE8
   624                           status	equ	0xFD8
   625                           
   626 ;; *************** function _obtainedKey *****************
   627 ;; Defined at:
   628 ;;		line 73 in file "keypadCon.c"
   629 ;; Parameters:    Size  Location     Type
   630 ;;		None
   631 ;; Auto vars:     Size  Location     Type
   632 ;;  key_presiona    1    1[COMRAM] unsigned char 
   633 ;; Return value:  Size  Location     Type
   634 ;;                  1    wreg      unsigned char 
   635 ;; Registers used:
   636 ;;		wreg, status,2, status,0, cstack
   637 ;; Tracked objects:
   638 ;;		On entry : 0/0
   639 ;;		On exit  : 0/0
   640 ;;		Unchanged: 0/0
   641 ;; Data sizes:     COMRAM   BANK0   BANK1   BANK2   BANK3   BANK4   BANK5   BANK6   BANK7   BANK8   BANK9  BANK10  BANK1
      +1  BANK12
   642 ;;      Params:         0       0       0       0       0       0       0       0       0       0       0       0       
      +0       0
   643 ;;      Locals:         1       0       0       0       0       0       0       0       0       0       0       0       
      +0       0
   644 ;;      Temps:          0       0       0       0       0       0       0       0       0       0       0       0       
      +0       0
   645 ;;      Totals:         1       0       0       0       0       0       0       0       0       0       0       0       
      +0       0
   646 ;;Total ram usage:        1 bytes
   647 ;; Hardware stack levels used:    1
   648 ;; Hardware stack levels required when called:    1
   649 ;; This function calls:
   650 ;;		_getKey
   651 ;;		_ground
   652 ;; This function is called by:
   653 ;;		_main
   654 ;; This function uses a non-reentrant model
   655 ;;
   656                           
   657                           	psect	text6
   658  00BE28                     __ptext6:
   659                           	opt stack 0
   660  00BE28                     _obtainedKey:
   661                           	opt stack 29
   662                           
   663                           ;keypadCon.c: 74: ground();
   664                           
   665                           ;incstack = 0
   666  00BE28  ECEC  F05E         	call	_ground	;wreg free
   667                           
   668                           ;keypadCon.c: 75: unsigned char key_presionada = 0xFF;
   669  00BE2C  6802               	setf	obtainedKey@key_presionada,c
   670  00BE2E                     l876:
   671                           
   672                           ;keypadCon.c: 77: key_presionada = getKey();
   673  00BE2E  EC8E  F05F         	call	_getKey	;wreg free
   674  00BE32  6E02               	movwf	obtainedKey@key_presionada,c
   675                           
   676                           ;keypadCon.c: 78: }
   677                           ;keypadCon.c: 79: while(key_presionada == 0xFF);
   678  00BE34  2802               	incf	obtainedKey@key_presionada,w,c
   679  00BE36  B4D8               	btfsc	status,2,c
   680  00BE38  D7FA               	goto	l876
   681  00BE3A                     l880:
   682  00BE3A  EC8E  F05F         	call	_getKey	;wreg free
   683  00BE3E  0AFF               	xorlw	255
   684  00BE40  A4D8               	btfss	status,2,c
   685  00BE42  D7FB               	goto	l880
   686                           
   687                           ;keypadCon.c: 82: return key_presionada;
   688  00BE44  5002               	movf	obtainedKey@key_presionada,w,c
   689  00BE46  0012               	return	
   690  00BE48                     __end_of_obtainedKey:
   691                           	opt stack 0
   692                           wreg	equ	0xFE8
   693                           status	equ	0xFD8
   694                           
   695 ;; *************** function _ground *****************
   696 ;; Defined at:
   697 ;;		line 66 in file "keypadCon.c"
   698 ;; Parameters:    Size  Location     Type
   699 ;;		None
   700 ;; Auto vars:     Size  Location     Type
   701 ;;		None
   702 ;; Return value:  Size  Location     Type
   703 ;;                  1    wreg      void 
   704 ;; Registers used:
   705 ;;		None
   706 ;; Tracked objects:
   707 ;;		On entry : 0/0
   708 ;;		On exit  : 0/0
   709 ;;		Unchanged: 0/0
   710 ;; Data sizes:     COMRAM   BANK0   BANK1   BANK2   BANK3   BANK4   BANK5   BANK6   BANK7   BANK8   BANK9  BANK10  BANK1
      +1  BANK12
   711 ;;      Params:         0       0       0       0       0       0       0       0       0       0       0       0       
      +0       0
   712 ;;      Locals:         0       0       0       0       0       0       0       0       0       0       0       0       
      +0       0
   713 ;;      Temps:          0       0       0       0       0       0       0       0       0       0       0       0       
      +0       0
   714 ;;      Totals:         0       0       0       0       0       0       0       0       0       0       0       0       
      +0       0
   715 ;;Total ram usage:        0 bytes
   716 ;; Hardware stack levels used:    1
   717 ;; This function calls:
   718 ;;		Nothing
   719 ;; This function is called by:
   720 ;;		_obtainedKey
   721 ;; This function uses a non-reentrant model
   722 ;;
   723                           
   724                           	psect	text7
   725  00BDD8                     __ptext7:
   726                           	opt stack 0
   727  00BDD8                     _ground:
   728                           	opt stack 29
   729                           
   730                           ;keypadCon.c: 67: LATCbits.LATC0 = 0;
   731                           
   732                           ;incstack = 0
   733  00BDD8  908B               	bcf	3979,0,c	;volatile
   734                           
   735                           ;keypadCon.c: 68: LATCbits.LATC1 = 0;
   736  00BDDA  928B               	bcf	3979,1,c	;volatile
   737                           
   738                           ;keypadCon.c: 69: LATEbits.LATE2 = 0;
   739  00BDDC  948D               	bcf	3981,2,c	;volatile
   740                           
   741                           ;keypadCon.c: 70: LATCbits.LATC3 = 0;
   742  00BDDE  968B               	bcf	3979,3,c	;volatile
   743  00BDE0  0012               	return		;funcret
   744  00BDE2                     __end_of_ground:
   745                           	opt stack 0
   746                           wreg	equ	0xFE8
   747                           status	equ	0xFD8
   748                           
   749 ;; *************** function _getKey *****************
   750 ;; Defined at:
   751 ;;		line 21 in file "keypadCon.c"
   752 ;; Parameters:    Size  Location     Type
   753 ;;		None
   754 ;; Auto vars:     Size  Location     Type
   755 ;;		None
   756 ;; Return value:  Size  Location     Type
   757 ;;                  1    wreg      unsigned char 
   758 ;; Registers used:
   759 ;;		wreg
   760 ;; Tracked objects:
   761 ;;		On entry : 0/0
   762 ;;		On exit  : 0/0
   763 ;;		Unchanged: 0/0
   764 ;; Data sizes:     COMRAM   BANK0   BANK1   BANK2   BANK3   BANK4   BANK5   BANK6   BANK7   BANK8   BANK9  BANK10  BANK1
      +1  BANK12
   765 ;;      Params:         0       0       0       0       0       0       0       0       0       0       0       0       
      +0       0
   766 ;;      Locals:         0       0       0       0       0       0       0       0       0       0       0       0       
      +0       0
   767 ;;      Temps:          1       0       0       0       0       0       0       0       0       0       0       0       
      +0       0
   768 ;;      Totals:         1       0       0       0       0       0       0       0       0       0       0       0       
      +0       0
   769 ;;Total ram usage:        1 bytes
   770 ;; Hardware stack levels used:    1
   771 ;; This function calls:
   772 ;;		Nothing
   773 ;; This function is called by:
   774 ;;		_obtainedKey
   775 ;; This function uses a non-reentrant model
   776 ;;
   777                           
   778                           	psect	text8
   779  00BF1C                     __ptext8:
   780                           	opt stack 0
   781  00BF1C                     _getKey:
   782                           	opt stack 29
   783                           
   784                           ;keypadCon.c: 23: LATCbits.LATC0 = 0;
   785                           
   786                           ;incstack = 0
   787  00BF1C  908B               	bcf	3979,0,c	;volatile
   788                           
   789                           ;keypadCon.c: 24: LATCbits.LATC1 = 1;
   790  00BF1E  828B               	bsf	3979,1,c	;volatile
   791                           
   792                           ;keypadCon.c: 25: LATEbits.LATE2 = 1;
   793  00BF20  848D               	bsf	3981,2,c	;volatile
   794                           
   795                           ;keypadCon.c: 26: LATCbits.LATC3 = 1;
   796  00BF22  868B               	bsf	3979,3,c	;volatile
   797                           
   798                           ;keypadCon.c: 27: _delay((unsigned long)((25)*(8000000/4000.0)));
   799  00BF24  0E41               	movlw	65
   800  00BF26  6E01               	movwf	??_getKey& (0+255),c
   801  00BF28  0EEE               	movlw	238
   802  00BF2A                     u277:
   803  00BF2A  2EE8               	decfsz	wreg,f,c
   804  00BF2C  D7FE               	bra	u277
   805  00BF2E  2E01               	decfsz	??_getKey& (0+255),f,c
   806  00BF30  D7FC               	bra	u277
   807  00BF32  D000               	nop2	
   808                           
   809                           ;keypadCon.c: 28: if(PORTCbits.RC4 == 0) return '1';
   810  00BF34  B882               	btfsc	3970,4,c	;volatile
   811  00BF36  D002               	goto	l129
   812  00BF38  0E31               	movlw	49
   813  00BF3A  0012               	return	
   814  00BF3C                     l129:
   815                           
   816                           ;keypadCon.c: 29: if(PORTCbits.RC5 == 0) return '2';
   817  00BF3C  BA82               	btfsc	3970,5,c	;volatile
   818  00BF3E  D002               	goto	l131
   819  00BF40  0E32               	movlw	50
   820  00BF42  0012               	return	
   821  00BF44                     l131:
   822                           
   823                           ;keypadCon.c: 30: if(PORTCbits.RC6 == 0) return '3';
   824  00BF44  BC82               	btfsc	3970,6,c	;volatile
   825  00BF46  D002               	goto	l132
   826  00BF48  0E33               	movlw	51
   827  00BF4A  0012               	return	
   828  00BF4C                     l132:
   829                           
   830                           ;keypadCon.c: 31: if(PORTCbits.RC7 == 0) return 'A';
   831  00BF4C  BE82               	btfsc	3970,7,c	;volatile
   832  00BF4E  D002               	goto	l133
   833  00BF50  0E41               	movlw	65
   834  00BF52  0012               	return	
   835  00BF54                     l133:
   836                           
   837                           ;keypadCon.c: 33: LATCbits.LATC0 = 1;
   838  00BF54  808B               	bsf	3979,0,c	;volatile
   839                           
   840                           ;keypadCon.c: 34: LATCbits.LATC1 = 0;
   841  00BF56  928B               	bcf	3979,1,c	;volatile
   842                           
   843                           ;keypadCon.c: 35: LATEbits.LATE2 = 1;
   844  00BF58  848D               	bsf	3981,2,c	;volatile
   845                           
   846                           ;keypadCon.c: 36: LATCbits.LATC3 = 1;
   847  00BF5A  868B               	bsf	3979,3,c	;volatile
   848                           
   849                           ;keypadCon.c: 37: _delay((unsigned long)((25)*(8000000/4000.0)));
   850  00BF5C  0E41               	movlw	65
   851  00BF5E  6E01               	movwf	??_getKey& (0+255),c
   852  00BF60  0EEE               	movlw	238
   853  00BF62                     u287:
   854  00BF62  2EE8               	decfsz	wreg,f,c
   855  00BF64  D7FE               	bra	u287
   856  00BF66  2E01               	decfsz	??_getKey& (0+255),f,c
   857  00BF68  D7FC               	bra	u287
   858  00BF6A  D000               	nop2	
   859                           
   860                           ;keypadCon.c: 38: if(PORTCbits.RC4 == 0) return '4';
   861  00BF6C  B882               	btfsc	3970,4,c	;volatile
   862  00BF6E  D002               	goto	l134
   863  00BF70  0E34               	movlw	52
   864  00BF72  0012               	return	
   865  00BF74                     l134:
   866                           
   867                           ;keypadCon.c: 39: if(PORTCbits.RC5 == 0) return '5';
   868  00BF74  BA82               	btfsc	3970,5,c	;volatile
   869  00BF76  D002               	goto	l135
   870  00BF78  0E35               	movlw	53
   871  00BF7A  0012               	return	
   872  00BF7C                     l135:
   873                           
   874                           ;keypadCon.c: 40: if(PORTCbits.RC6 == 0) return '6';
   875  00BF7C  BC82               	btfsc	3970,6,c	;volatile
   876  00BF7E  D002               	goto	l136
   877  00BF80  0E36               	movlw	54
   878  00BF82  0012               	return	
   879  00BF84                     l136:
   880                           
   881                           ;keypadCon.c: 41: if(PORTCbits.RC7 == 0) return 'B';
   882  00BF84  BE82               	btfsc	3970,7,c	;volatile
   883  00BF86  D002               	goto	l137
   884  00BF88  0E42               	movlw	66
   885  00BF8A  0012               	return	
   886  00BF8C                     l137:
   887                           
   888                           ;keypadCon.c: 43: LATCbits.LATC0 = 1;
   889  00BF8C  808B               	bsf	3979,0,c	;volatile
   890                           
   891                           ;keypadCon.c: 44: LATCbits.LATC1 = 1;
   892  00BF8E  828B               	bsf	3979,1,c	;volatile
   893                           
   894                           ;keypadCon.c: 45: LATEbits.LATE2 = 0;
   895  00BF90  948D               	bcf	3981,2,c	;volatile
   896                           
   897                           ;keypadCon.c: 46: LATCbits.LATC3 = 1;
   898  00BF92  868B               	bsf	3979,3,c	;volatile
   899                           
   900                           ;keypadCon.c: 47: _delay((unsigned long)((25)*(8000000/4000.0)));
   901  00BF94  0E41               	movlw	65
   902  00BF96  6E01               	movwf	??_getKey& (0+255),c
   903  00BF98  0EEE               	movlw	238
   904  00BF9A                     u297:
   905  00BF9A  2EE8               	decfsz	wreg,f,c
   906  00BF9C  D7FE               	bra	u297
   907  00BF9E  2E01               	decfsz	??_getKey& (0+255),f,c
   908  00BFA0  D7FC               	bra	u297
   909  00BFA2  D000               	nop2	
   910                           
   911                           ;keypadCon.c: 48: if(PORTCbits.RC4 == 0) return '7';
   912  00BFA4  B882               	btfsc	3970,4,c	;volatile
   913  00BFA6  D002               	goto	l138
   914  00BFA8  0E37               	movlw	55
   915  00BFAA  0012               	return	
   916  00BFAC                     l138:
   917                           
   918                           ;keypadCon.c: 49: if(PORTCbits.RC5 == 0) return '8';
   919  00BFAC  BA82               	btfsc	3970,5,c	;volatile
   920  00BFAE  D002               	goto	l139
   921  00BFB0  0E38               	movlw	56
   922  00BFB2  0012               	return	
   923  00BFB4                     l139:
   924                           
   925                           ;keypadCon.c: 50: if(PORTCbits.RC6 == 0) return '9';
   926  00BFB4  BC82               	btfsc	3970,6,c	;volatile
   927  00BFB6  D002               	goto	l140
   928  00BFB8  0E39               	movlw	57
   929  00BFBA  0012               	return	
   930  00BFBC                     l140:
   931                           
   932                           ;keypadCon.c: 51: if(PORTCbits.RC7 == 0) return 'C';
   933  00BFBC  BE82               	btfsc	3970,7,c	;volatile
   934  00BFBE  D002               	goto	l141
   935  00BFC0  0E43               	movlw	67
   936  00BFC2  0012               	return	
   937  00BFC4                     l141:
   938                           
   939                           ;keypadCon.c: 53: LATCbits.LATC0 = 1;
   940  00BFC4  808B               	bsf	3979,0,c	;volatile
   941                           
   942                           ;keypadCon.c: 54: LATCbits.LATC1 = 1;
   943  00BFC6  828B               	bsf	3979,1,c	;volatile
   944                           
   945                           ;keypadCon.c: 55: LATEbits.LATE2 = 1;
   946  00BFC8  848D               	bsf	3981,2,c	;volatile
   947                           
   948                           ;keypadCon.c: 56: LATCbits.LATC3 = 0;
   949  00BFCA  968B               	bcf	3979,3,c	;volatile
   950                           
   951                           ;keypadCon.c: 57: _delay((unsigned long)((25)*(8000000/4000.0)));
   952  00BFCC  0E41               	movlw	65
   953  00BFCE  6E01               	movwf	??_getKey& (0+255),c
   954  00BFD0  0EEE               	movlw	238
   955  00BFD2                     u307:
   956  00BFD2  2EE8               	decfsz	wreg,f,c
   957  00BFD4  D7FE               	bra	u307
   958  00BFD6  2E01               	decfsz	??_getKey& (0+255),f,c
   959  00BFD8  D7FC               	bra	u307
   960  00BFDA  D000               	nop2	
   961                           
   962                           ;keypadCon.c: 58: if(PORTCbits.RC4 == 0) return '*';
   963  00BFDC  B882               	btfsc	3970,4,c	;volatile
   964  00BFDE  D002               	goto	l142
   965  00BFE0  0E2A               	movlw	42
   966  00BFE2  0012               	return	
   967  00BFE4                     l142:
   968                           
   969                           ;keypadCon.c: 59: if(PORTCbits.RC5 == 0) return '0';
   970  00BFE4  BA82               	btfsc	3970,5,c	;volatile
   971  00BFE6  D002               	goto	l143
   972  00BFE8  0E30               	movlw	48
   973  00BFEA  0012               	return	
   974  00BFEC                     l143:
   975                           
   976                           ;keypadCon.c: 60: if(PORTCbits.RC6 == 0) return '#';
   977  00BFEC  BC82               	btfsc	3970,6,c	;volatile
   978  00BFEE  D002               	goto	l144
   979  00BFF0  0E23               	movlw	35
   980  00BFF2  0012               	return	
   981  00BFF4                     l144:
   982                           
   983                           ;keypadCon.c: 61: if(PORTCbits.RC7 == 0) return 'D';
   984  00BFF4  BE82               	btfsc	3970,7,c	;volatile
   985  00BFF6  D002               	goto	l852
   986  00BFF8  0E44               	movlw	68
   987  00BFFA  0012               	return	
   988  00BFFC                     l852:
   989                           
   990                           ;keypadCon.c: 63: return 0xFF;
   991  00BFFC  0EFF               	movlw	255
   992  00BFFE  0012               	return	
   993  00C000                     __end_of_getKey:
   994                           	opt stack 0
   995                           wreg	equ	0xFE8
   996                           status	equ	0xFD8
   997                           
   998 ;; *************** function _display_LCD *****************
   999 ;; Defined at:
  1000 ;;		line 60 in file "lcdCon.c"
  1001 ;; Parameters:    Size  Location     Type
  1002 ;;  data            1    wreg     unsigned char 
  1003 ;; Auto vars:     Size  Location     Type
  1004 ;;  data            1    0[COMRAM] unsigned char 
  1005 ;; Return value:  Size  Location     Type
  1006 ;;                  1    wreg      void 
  1007 ;; Registers used:
  1008 ;;		wreg
  1009 ;; Tracked objects:
  1010 ;;		On entry : 0/0
  1011 ;;		On exit  : 0/0
  1012 ;;		Unchanged: 0/0
  1013 ;; Data sizes:     COMRAM   BANK0   BANK1   BANK2   BANK3   BANK4   BANK5   BANK6   BANK7   BANK8   BANK9  BANK10  BANK1
      +1  BANK12
  1014 ;;      Params:         0       0       0       0       0       0       0       0       0       0       0       0       
      +0       0
  1015 ;;      Locals:         1       0       0       0       0       0       0       0       0       0       0       0       
      +0       0
  1016 ;;      Temps:          0       0       0       0       0       0       0       0       0       0       0       0       
      +0       0
  1017 ;;      Totals:         1       0       0       0       0       0       0       0       0       0       0       0       
      +0       0
  1018 ;;Total ram usage:        1 bytes
  1019 ;; Hardware stack levels used:    1
  1020 ;; This function calls:
  1021 ;;		Nothing
  1022 ;; This function is called by:
  1023 ;;		_main
  1024 ;;		_display_string_LCD
  1025 ;; This function uses a non-reentrant model
  1026 ;;
  1027                           
  1028                           	psect	text9
  1029  00BDE2                     __ptext9:
  1030                           	opt stack 0
  1031  00BDE2                     _display_LCD:
  1032                           	opt stack 30
  1033                           
  1034                           ;incstack = 0
  1035                           ;display_LCD@data stored from wreg
  1036  00BDE2  6E01               	movwf	display_LCD@data,c
  1037                           
  1038                           ;lcdCon.c: 61: PORTD = data;
  1039  00BDE4  C001  FF83         	movff	display_LCD@data,3971	;volatile
  1040                           
  1041                           ;lcdCon.c: 62: PORTAbits.RA1 = 1;
  1042  00BDE8  8280               	bsf	3968,1,c	;volatile
  1043                           
  1044                           ;lcdCon.c: 63: PORTAbits.RA2 = 0;
  1045  00BDEA  9480               	bcf	3968,2,c	;volatile
  1046                           
  1047                           ;lcdCon.c: 64: PORTAbits.RA3 = 1;
  1048  00BDEC  8680               	bsf	3968,3,c	;volatile
  1049                           
  1050                           ;lcdCon.c: 66: PORTAbits.RA3 = 0;
  1051                           
  1052                           ;lcdCon.c: 65: _delay((unsigned long)((.00045)*(8000000/4000.0)));
  1053  00BDEE  9680               	bcf	3968,3,c	;volatile
  1054  00BDF0  0012               	return		;funcret
  1055  00BDF2                     __end_of_display_LCD:
  1056                           	opt stack 0
  1057                           wreg	equ	0xFE8
  1058                           status	equ	0xFD8
  1059                           
  1060 ;; *************** function _close *****************
  1061 ;; Defined at:
  1062 ;;		line 25 in file "status.c"
  1063 ;; Parameters:    Size  Location     Type
  1064 ;;		None
  1065 ;; Auto vars:     Size  Location     Type
  1066 ;;		None
  1067 ;; Return value:  Size  Location     Type
  1068 ;;                  1    wreg      void 
  1069 ;; Registers used:
  1070 ;;		wreg, status,2
  1071 ;; Tracked objects:
  1072 ;;		On entry : 0/0
  1073 ;;		On exit  : 0/0
  1074 ;;		Unchanged: 0/0
  1075 ;; Data sizes:     COMRAM   BANK0   BANK1   BANK2   BANK3   BANK4   BANK5   BANK6   BANK7   BANK8   BANK9  BANK10  BANK1
      +1  BANK12
  1076 ;;      Params:         0       0       0       0       0       0       0       0       0       0       0       0       
      +0       0
  1077 ;;      Locals:         0       0       0       0       0       0       0       0       0       0       0       0       
      +0       0
  1078 ;;      Temps:          0       0       0       0       0       0       0       0       0       0       0       0       
      +0       0
  1079 ;;      Totals:         0       0       0       0       0       0       0       0       0       0       0       0       
      +0       0
  1080 ;;Total ram usage:        0 bytes
  1081 ;; Hardware stack levels used:    1
  1082 ;; This function calls:
  1083 ;;		Nothing
  1084 ;; This function is called by:
  1085 ;;		_main
  1086 ;; This function uses a non-reentrant model
  1087 ;;
  1088                           
  1089                           	psect	text10
  1090  00BDC6                     __ptext10:
  1091                           	opt stack 0
  1092  00BDC6                     _close:
  1093                           	opt stack 30
  1094                           
  1095                           ;status.c: 26: CCPR1L = 0x1F;
  1096                           
  1097                           ;incstack = 0
  1098  00BDC6  0E1F               	movlw	31
  1099  00BDC8  6EBE               	movwf	4030,c	;volatile
  1100  00BDCA  0012               	return		;funcret
  1101  00BDCC                     __end_of_close:
  1102                           	opt stack 0
  1103  0000                     wreg	equ	0xFE8
  1104                           status	equ	0xFD8
  1105                           wreg	equ	0xFE8
  1106                           status	equ	0xFD8
  1107                           
  1108                           	psect	rparam
  1109  0000                     wreg	equ	0xFE8
  1110                           status	equ	0xFD8


Data Sizes:
    Strings     0
    Constant    0
    Data        0
    BSS         0
    Persistent  0
    Stack       0

Auto Spaces:
    Space          Size  Autos    Used
    COMRAM           95      6       6
    BANK0           160      0       0
    BANK1           256      0       0
    BANK2           256      0       0
    BANK3           256      0       0
    BANK4           256      0       0
    BANK5           256      0       0
    BANK6           256      0       0
    BANK7           256      0       0
    BANK8           256      0       0
    BANK9           256      0       0
    BANK10          256      0       0
    BANK11          256      0       0
    BANK12          256      0       0

Pointer List with Targets:

    None.

Critical Paths under _main in COMRAM

    _main->_setup_LCD
    _setup_LCD->_command_LCD
    _obtainedKey->_getKey

Critical Paths under _main in BANK0

    None.

Critical Paths under _main in BANK1

    None.

Critical Paths under _main in BANK2

    None.

Critical Paths under _main in BANK3

    None.

Critical Paths under _main in BANK4

    None.

Critical Paths under _main in BANK5

    None.

Critical Paths under _main in BANK6

    None.

Critical Paths under _main in BANK7

    None.

Critical Paths under _main in BANK8

    None.

Critical Paths under _main in BANK9

    None.

Critical Paths under _main in BANK10

    None.

Critical Paths under _main in BANK11

    None.

Critical Paths under _main in BANK12

    None.

Call Graph Tables:

 ---------------------------------------------------------------------------------
 (Depth) Function   	        Calls       Base Space   Used Autos Params    Refs
 ---------------------------------------------------------------------------------
 (0) _main                                                 3     3      0     150
                                              3 COMRAM     3     3      0
                              _close
                        _command_LCD
                        _display_LCD
                        _obtainedKey
                               _open
                            _pwmInit
                          _ready_LCD
                          _setup_LCD
 ---------------------------------------------------------------------------------
 (1) _setup_LCD                                            2     2      0      15
                                              1 COMRAM     2     2      0
                        _command_LCD
                          _ready_LCD
 ---------------------------------------------------------------------------------
 (2) _ready_LCD                                            0     0      0       0
 ---------------------------------------------------------------------------------
 (2) _command_LCD                                          1     1      0      15
                                              0 COMRAM     1     1      0
 ---------------------------------------------------------------------------------
 (1) _pwmInit                                              0     0      0       0
 ---------------------------------------------------------------------------------
 (1) _open                                                 0     0      0       0
 ---------------------------------------------------------------------------------
 (1) _obtainedKey                                          1     1      0      30
                                              1 COMRAM     1     1      0
                             _getKey
                             _ground
 ---------------------------------------------------------------------------------
 (2) _ground                                               0     0      0       0
 ---------------------------------------------------------------------------------
 (2) _getKey                                               1     1      0       0
                                              0 COMRAM     1     1      0
 ---------------------------------------------------------------------------------
 (1) _display_LCD                                          1     1      0      15
                                              0 COMRAM     1     1      0
 ---------------------------------------------------------------------------------
 (1) _close                                                0     0      0       0
 ---------------------------------------------------------------------------------
 Estimated maximum stack depth 2
 ---------------------------------------------------------------------------------

 Call Graph Graphs:

 _main (ROOT)
   _close
   _command_LCD
   _display_LCD
   _obtainedKey
     _getKey
     _ground
   _open
   _pwmInit
   _ready_LCD
   _setup_LCD
     _command_LCD
     _ready_LCD

 Address spaces:
Name               Size   Autos  Total    Cost      Usage
BITCOMRAM           5F      0       0       0        0.0%
EEDATA             400      0       0       0        0.0%
NULL                 0      0       0       0        0.0%
CODE                 0      0       0       0        0.0%
COMRAM              5F      6       6       1        6.3%
STACK                0      0       0       2        0.0%
DATA                 0      0       0       3        0.0%
BITBANK0            A0      0       0       4        0.0%
BANK0               A0      0       0       5        0.0%
BITBANK1           100      0       0       6        0.0%
BANK1              100      0       0       7        0.0%
BITBANK2           100      0       0       8        0.0%
BANK2              100      0       0       9        0.0%
BITBANK3           100      0       0      10        0.0%
BANK3              100      0       0      11        0.0%
BITBANK4           100      0       0      12        0.0%
BANK4              100      0       0      13        0.0%
BITBANK5           100      0       0      14        0.0%
BANK5              100      0       0      15        0.0%
BITBANK6           100      0       0      16        0.0%
BANK6              100      0       0      17        0.0%
BITBANK7           100      0       0      18        0.0%
BANK7              100      0       0      19        0.0%
ABS                  0      0       0      20        0.0%
BITBANK8           100      0       0      21        0.0%
BANK8              100      0       0      22        0.0%
BITBANK9           100      0       0      23        0.0%
BANK9              100      0       0      24        0.0%
BITBANK10          100      0       0      25        0.0%
BANK10             100      0       0      26        0.0%
BITBANK11          100      0       0      27        0.0%
BANK11             100      0       0      28        0.0%
BITBANK12          100      0       0      29        0.0%
BANK12             100      0       0      30        0.0%
BIGRAM             CFF      0       0      31        0.0%
BITSFR_3             0      0       0     200        0.0%
SFR_3                0      0       0     200        0.0%
BITSFR_2             0      0       0     200        0.0%
SFR_2                0      0       0     200        0.0%
BITSFR_1             0      0       0     200        0.0%
SFR_1                0      0       0     200        0.0%
BITSFR               0      0       0     200        0.0%
SFR                  0      0       0     200        0.0%


Microchip Technology PIC18 Macro Assembler V1.41 build -162212810 
Symbol Table                                                                                   Fri May  5 21:22:20 2017

             ?_display_LCD 0001                         l51 BED6                         l81 BE1A  
                      l131 BF44                        l140 BFBC                        l132 BF4C  
                      l141 BFC4                        l133 BF54                        l142 BFE4  
                      l134 BF74                        l143 BFEC                        l135 BF7C  
                      l144 BFF4                        l136 BF84                        l137 BF8C  
                      l129 BF3C                        l138 BFAC                        l139 BFB4  
                      l912 BEDE                        l930 BF14                        l852 BFFC  
                      l880 BE3A                        l876 BE2E                        u307 BFD2  
                      _PR2 000FCB                        u257 BE54                        u267 BE70  
                      u277 BF2A                        u287 BF62                        u297 BF9A  
                      wreg 000FE8               __CFG_LVP$OFF 000000               __CFG_WDT$OFF 000000  
                     _LATA 000F89                       _LATC 000F8B                       _LATD 000F8C  
                     _LATE 000F8D                       _main BE92                       _open BDCC  
                     start 0000              __CFG_MCLRE$ON 000000               command_LCD@x 0001  
             ___param_bank 000000                      ?_main 0001                      ?_open 0001  
                    _CMCON 000FB4                      _T2CON 000FCA                      _PORTA 000F80  
                    _PORTC 000F82                      _PORTD 000F83                      _PORTE 000F84  
                    _TRISA 000F92                      _TRISC 000F94                      _TRISD 000F95  
                    _TRISE 000F96                      _close BDC6               ?_obtainedKey 0001  
                    main@i 0004            __end_of_pwmInit BE14                      status 000FD8  
          __initialization BDD2               __end_of_main BF1C               __end_of_open BDD2  
                   ??_main 0004                     ??_open 0001              __activetblptr 000000  
                   ?_close 0001                     _ADCON1 000FC1                     _CCPR1L 000FBE  
                   _OSCCON 000FD3       __size_of_command_LCD 0010                     _getKey BF1C  
                   _ground BDD8       __size_of_display_LCD 0010                  ??_pwmInit 0001  
               __accesstop 0060    __end_of__initialization BDD2            __CFG_PBADEN$OFF 000000  
            ___rparam_used 000001             __pcstackCOMRAM 0001              __end_of_close BDCC  
                  ??_close 0001       __size_of_obtainedKey 0020         __size_of_ready_LCD 0014  
                  ?_getKey 0001                    _CCP1CON 000FBD                    ?_ground 0001  
       __size_of_setup_LCD 004A                    __Hparam 0000                    __Lparam 0000  
          __size_of_getKey 00E4                    __pcinit BDD2                    __ramtop 0D00  
          __size_of_ground 000A                    __ptext0 BE92                    __ptext1 BE48  
                  __ptext2 BE14                    __ptext3 BDF2                    __ptext4 BE02  
                  __ptext5 BDCC                    __ptext6 BE28                    __ptext7 BDD8  
                  __ptext8 BF1C                    __ptext9 BDE2          __end_of_ready_LCD BE28  
obtainedKey@key_presionada 0002                    _pwmInit BE02                    main@key 0006  
     end_of_initialization BDD2          __end_of_setup_LCD BE92                  _PORTAbits 000F80  
                _PORTCbits 000F82                  _PORTDbits 000F83              ??_command_LCD 0001  
            ??_display_LCD 0001             __end_of_getKey C000             __end_of_ground BDE2  
      start_initialization BDD2           __CFG_OSC$IRCIO67 000000                   ??_getKey 0001  
                 ??_ground 0001        __end_of_command_LCD BE02        __end_of_display_LCD BDF2  
            ??_obtainedKey 0002                   ?_pwmInit 0001             __size_of_close 0006  
                _ready_LCD BE14                   _LATCbits 000F8B                   _LATEbits 000F8D  
      __end_of_obtainedKey BE48                _command_LCD BDF2                  _setup_LCD BE48  
              _display_LCD BDE2                 ?_ready_LCD 0001                   __Hrparam 0000  
          display_LCD@data 0001                   __Lrparam 0000                 ?_setup_LCD 0001  
                 __ptext10 BDC6           __size_of_pwmInit 0012                _obtainedKey BE28  
            __size_of_main 008A              __size_of_open 0006                 _CVRCONbits 000FB5  
              ??_ready_LCD 0001                ??_setup_LCD 0002               ?_command_LCD 0001  
